Hoxbot 1.0.0#5093: Yokai!
huxley448: hoxhox
Hoxbot 1.0.0#5093: Hox! Hox!
Hoxbot 1.0.0#5093: Yokai!
Hoxbot 1.0.0#5093: Yokai!
huxley448: hoxhox
Hoxbot 1.0.0#5093: Hox! Hox!
huxley448: hoxnt
Hoxbot 1.0.0#5093: Hox! ~🌟
huxley448: hoxme
Hoxbot 1.0.0#5093: Hox! ~⭐
huxley448: hoxhox
Hoxbot 1.0.0#5093: Hox! Hox!
huxley448: hoxnt
Hoxbot 1.0.0#5093: Hox! ~🌟
huxley448: hoxhox
Hoxbot 1.0.0#5093: whore you??
huxley448: hoxhox!
huxley448: hoxhox
Hoxbot 1.0.0#5093: whore you??
huxley448: hoxme!
huxley448: hoxme
Hoxbot 1.0.0#5093: Hox! ~⭐
huxley448: hoxhox
Hoxbot 1.0.0#5093: Hox! Hox!
Hoxbot 1.0.0#5093: <@591344528804544512>I saw the cringe you posted
Hoxbot 1.0.0#5093: <@591344528804544512>I saw the cringe you posted
Hoxbot 1.0.0#5093: <@591344528804544512>I saw the cringe you posted
